-------------------------------------------------------------------------------
Test set: com.portafolio.SanRoman.SanRomanApplicationTests
-------------------------------------------------------------------------------
Tests run: 1, Failures: 0, Errors: 1, Skipped: 0, Time elapsed: 0.227 s <<< FAILURE! - in com.portafolio.SanRoman.SanRomanApplicationTests
com.portafolio.SanRoman.SanRomanApplicationTests  Time elapsed: 0.225 s  <<< ERROR!
java.lang.IllegalStateException: Unable to find a @SpringBootConfiguration, you need to use @ContextConfiguration or @SpringBootTest(classes=...) with your test

